<?xml version="1.0" encoding="UTF-8"?>
<!DOCTYPE beans PUBLIC "-//SPRING//DTD BEAN//EN" "http://www.springframework.org/dtd/spring-beans.dtd">
<beans default-lazy-init="true" default-autowire="no">
  <bean id="teamEventDao" class="org.projectforge.plugins.teamcal.TeamEventDao">
    <property name="sessionFactory">
      <ref bean="sessionFactory" />
    </property>
  </bean>
  <bean id="teamCalDao" class="org.projectforge.plugins.teamcal.TeamCalDao">
    <property name="sessionFactory">
      <ref bean="sessionFactory" />
    </property>
  </bean>
</beans>